<?xml version="1.0" encoding="UTF-8"?>
<!-- Generated by org.testng.reporters.JUnitReportReporter -->
<testsuite skipped="0" hostname="PRAMOD-PC" name="LoginTestAPI.LoginTest" tests="1" failures="0" timestamp="05 Oct 2017 07:18:00 GMT" time="2.073" errors="0">
  <testcase name="MyTestpage" time="2.073" classname="LoginTestAPI.LoginTest"/>
</testsuite> <!-- LoginTestAPI.LoginTest -->
