<?xml version="1.0" encoding="UTF-8"?>
<!-- Generated by org.testng.reporters.JUnitReportReporter -->
<testsuite skipped="0" hostname="PRAMOD-PC" name="SamplePost.SearchPage" tests="1" failures="0" timestamp="15 Sep 2017 11:43:34 GMT" time="2.014" errors="0">
  <testcase name="ContentVerifyInJasonPath" time="2.014" classname="SamplePost.SearchPage"/>
</testsuite> <!-- SamplePost.SearchPage -->
