<?xml version="1.0" encoding="UTF-8"?>
<!-- Generated by org.testng.reporters.JUnitReportReporter -->
<testsuite skipped="0" hostname="PRAMOD-PC" name="PostTesting.TestCasePost" tests="1" failures="0" timestamp="11 Sep 2017 09:20:07 GMT" time="8.457" errors="0">
  <testcase name="test_02" time="8.457" classname="PostTesting.TestCasePost"/>
</testsuite> <!-- PostTesting.TestCasePost -->
