<?xml version="1.0" encoding="UTF-8"?>
<!-- Generated by org.testng.reporters.JUnitReportReporter -->
<testsuite skipped="0" hostname="PRAMOD-PC" name="SamplePost.MyTest" tests="1" failures="0" timestamp="13 Oct 2017 11:23:40 GMT" time="1.880" errors="0">
  <testcase name="testHashMap" time="1.880" classname="SamplePost.MyTest"/>
</testsuite> <!-- SamplePost.MyTest -->
