<?xml version="1.0" encoding="UTF-8"?>
<!-- Generated by org.testng.reporters.JUnitReportReporter -->
<testsuite skipped="0" hostname="PRAMOD-PC" name="PostMethodTesting.TestCasePostNew" tests="1" failures="0" timestamp="11 Sep 2017 10:53:21 GMT" time="2.552" errors="0">
  <testcase name="test_02" time="2.552" classname="PostMethodTesting.TestCasePostNew"/>
</testsuite> <!-- PostMethodTesting.TestCasePostNew -->
